<?xml version="1.0" encoding="UTF-8" ?>
<testsuite tests="1" failures="0" name="testRunner.TestRunner" time="20.574" errors="0" skipped="1">
  <properties>
[...]
</properties>
  <testcase classname="Create Campaign" name="Campaigns successfully created" time="20.574">
    <skipped/>
    <system-err>1611 [main] INFO net.thucydides.core.steps.ConsoleLoggingListener - 

-------------------------------------------------------------------------------------
     _______. _______ .______       _______ .__   __.  __  .___________.____    ____ 
    /       ||   ____||   _  \     |   ____||  \ |  | |  | |           |\   \  /   / 
   |   (----`|  |__   |  |_)  |    |  |__   |   \|  | |  | `---|  |----` \   \/   /  
    \   \    |   __|  |      /     |   __|  |  . `  | |  |     |  |       \_    _/   
.----)   |   |  |____ |  |\  \----.|  |____ |  |\   | |  |     |  |         |  |     
|_______/    |_______|| _| `._____||_______||__| \__| |__|     |__|         |__|    
                                                                                     
 News and tutorials at http://www.serenity-bdd.info                                  
 Documentation at https://wakaleo.gitbooks.io/the-serenity-book/content/             
 Join the Serenity Community on Rocket Chat at https://serenity-bdd.rocket.chat      
 Serenity BDD Support and Training at http://serenity-bdd.info/#/trainingandsupport  
 Learn Serenity BDD online at http://serenity-dojo.com                               
-------------------------------------------------------------------------------------

1627 [main] INFO net.thucydides.core.steps.ConsoleLoggingListener - Test Suite Started: Automate page form
1692 [main] INFO net.thucydides.core.steps.ConsoleLoggingListener - Test Suite Started: Create Campaign
1762 [main] INFO net.thucydides.core.steps.ConsoleLoggingListener - 
 _____ _____ ____ _____   ____ _____  _    ____ _____ _____ ____  
|_   _| ____/ ___|_   _| / ___|_   _|/ \  |  _ \_   _| ____|  _ \ 
  | | |  _| \___ \ | |   \___ \ | | / _ \ | |_) || | |  _| | | | |
  | | | |___ ___) || |    ___) || |/ ___ \|  _ &lt; | | | |___| |_| |
  |_| |_____|____/ |_|   |____/ |_/_/   \_\_| \_\|_| |_____|____/ 
                                                                  

TEST STARTED: Campaigns successfully created
-------------------------------------------------------------------(create-campaign;campaigns-successfully-created)
Starting ChromeDriver 80.0.3987.106 (f68069574609230cf9b635cd784cfb1bf81bb53a-refs/branch-heads/3987@{#882}) on port 29195
Only local connections are allowed.
Please protect ports used by ChromeDriver and related test frameworks to prevent access by malicious code.
Mar 25, 2020 2:44:04 PM org.openqa.selenium.remote.ProtocolHandshake createSession
INFO: Detected dialect: W3C
[1585165446.709][SEVERE]: Timed out receiving message from renderer: 0.100
[1585165446.811][SEVERE]: Timed out receiving message from renderer: 0.100
[1585165446.915][SEVERE]: Timed out receiving message from renderer: 0.100
[1585165447.018][SEVERE]: Timed out receiving message from renderer: 0.100
[1585165447.125][SEVERE]: Timed out receiving message from renderer: 0.100
[1585165447.264][SEVERE]: Timed out receiving message from renderer: 0.100
[1585165447.367][SEVERE]: Timed out receiving message from renderer: 0.100
[1585165447.470][SEVERE]: Timed out receiving message from renderer: 0.100
[1585165447.573][SEVERE]: Timed out receiving message from renderer: 0.100
[1585165447.678][SEVERE]: Timed out receiving message from renderer: 0.100
[1585165447.785][SEVERE]: Timed out receiving message from renderer: 0.100
[1585165447.894][SEVERE]: Timed out receiving message from renderer: 0.100
[1585165447.996][SEVERE]: Timed out receiving message from renderer: 0.100
[1585165448.099][SEVERE]: Timed out receiving message from renderer: 0.100
[1585165448.202][SEVERE]: Timed out receiving message from renderer: 0.100
[1585165448.304][SEVERE]: Timed out receiving message from renderer: 0.100
[1585165448.408][SEVERE]: Timed out receiving message from renderer: 0.100
[1585165448.512][SEVERE]: Timed out receiving message from renderer: 0.100
[1585165448.617][SEVERE]: Timed out receiving message from renderer: 0.100
[1585165448.722][SEVERE]: Timed out receiving message from renderer: 0.100
[1585165448.827][SEVERE]: Timed out receiving message from renderer: 0.100
[1585165448.932][SEVERE]: Timed out receiving message from renderer: 0.100
[1585165449.034][SEVERE]: Timed out receiving message from renderer: 0.100
[1585165449.138][SEVERE]: Timed out receiving message from renderer: 0.100
[1585165449.243][SEVERE]: Timed out receiving message from renderer: 0.100
[1585165449.348][SEVERE]: Timed out receiving message from renderer: 0.100
[1585165449.941][SEVERE]: Timed out receiving message from renderer: 0.100
22431 [main] INFO net.thucydides.core.steps.ConsoleLoggingListener - TEST PENDING
22433 [main] INFO net.thucydides.core.steps.ConsoleLoggingListener - 
          __  _____ _____ ____ _____   ____  _____ _   _ ____ ___ _   _  ____ 
 _       / / |_   _| ____/ ___|_   _| |  _ \| ____| \ | |  _ \_ _| \ | |/ ___|
(_)____ / /    | | |  _| \___ \ | |   | |_) |  _| |  \| | | | | ||  \| | |  _ 
 |_____/ /     | | | |___ ___) || |   |  __/| |___| |\  | |_| | || |\  | |_| |
(_)   /_/      |_| |_____|____/ |_|   |_|   |_____|_| \_|____/___|_| \_|\____|
                                                                                

TEST PENDING: Campaigns successfully created
---------------------------------------------------------------------------------
</system-err>
  </testcase>
</testsuite>