<?xml version="1.0" encoding="UTF-8"?>
<testng-results skipped="0" failed="0" ignored="0" total="3" passed="3">
  <reporter-output>
  </reporter-output>
  <suite name="All Test Suite" duration-ms="57" started-at="2020-04-30T11:15:14 COT" finished-at="2020-04-30T11:15:14 COT">
    <groups>
    </groups>
    <test name="First Suite" duration-ms="57" started-at="2020-04-30T11:15:14 COT" finished-at="2020-04-30T11:15:14 COT">
      <class name="test.java.MytestNGClass">
        <test-method status="PASS" signature="setup()[pri:0, instance:test.java.MytestNGClass@46d56d67]" name="setup" duration-ms="4" started-at="2020-04-30T11:15:14 COT" finished-at="2020-04-30T11:15:14 COT">
          <reporter-output>
          </reporter-output>
        </test-method> <!-- setup -->
        <test-method status="PASS" signature="setup2()[pri:0, instance:test.java.MytestNGClass@46d56d67]" name="setup2" duration-ms="0" started-at="2020-04-30T11:15:14 COT" finished-at="2020-04-30T11:15:14 COT">
          <reporter-output>
          </reporter-output>
        </test-method> <!-- setup2 -->
        <test-method status="PASS" signature="setup3()[pri:0, instance:test.java.MytestNGClass@46d56d67]" name="setup3" duration-ms="0" started-at="2020-04-30T11:15:14 COT" finished-at="2020-04-30T11:15:14 COT">
          <reporter-output>
          </reporter-output>
        </test-method> <!-- setup3 -->
      </class> <!-- test.java.MytestNGClass -->
    </test> <!-- First Suite -->
  </suite> <!-- All Test Suite -->
</testng-results>
