<?xml version="1.0" encoding="UTF-8"?>
<!-- Generated by org.testng.reporters.JUnitXMLReporter -->
<testsuite hostname="EN2010247" ignored="0" name="First Suite" tests="3" failures="0" timestamp="2020-04-30T11:15:14 COT" time="0.057" errors="0">
  <testcase name="setup" time="0.004" classname="test.java.MytestNGClass"/>
  <testcase name="setup2" time="0.0" classname="test.java.MytestNGClass"/>
  <testcase name="setup3" time="0.0" classname="test.java.MytestNGClass"/>
</testsuite> <!-- First Suite -->
