<?xml version="1.0" encoding="UTF-8"?><testsuite errors="0" failures="0" name="Campaign: List" skipped="19" tests="19" time="0.19" timestamp="2020-04-02 03:13:02"><testcase name="The &quot;All&quot; and &quot;My Campaigns&quot; filters exist."><skipped/></testcase><testcase name="The &quot;All&quot; Filter is show by default"><skipped/></testcase><testcase name="The &quot;My Campaigns&quot; filter is not selected."><skipped/></testcase><testcase name="The &quot;All&quot; Filter shows all the campaigns"><skipped/></testcase><testcase name="Redirection towards &quot;Add New Campaign&quot; page"><skipped/></testcase><testcase name="Campaign list is sorted by last modified campaign"><skipped/></testcase><testcase name="The columns Name - Role - Requestor show ellipsis when the value doesn't fit"><skipped/></testcase><testcase name="A tooltip is present with the whole value of the columns(Name - Role - Requestor)"><skipped/></testcase><testcase name="A tooltip is presented with the list of Skills as a hover"><skipped/></testcase><testcase name="Play action icon is shown for campaigns in status &quot;On Hold&quot;"><skipped/></testcase><testcase name="Edit and Pause action button are shown for each campaign"><skipped/></testcase><testcase name="The list contains the columns"><skipped/></testcase><testcase name="Campaigns contain a second line info with"><skipped/></testcase><testcase name="The date format is DD-MonthShortName-YYYY"><skipped/></testcase></testsuite>